<?xml version="1.0" encoding="UTF-8"?>
<!-- Generated by org.testng.reporters.JUnitReportReporter -->
<testsuite hostname="LAKSHMI-PC" failures="0" tests="1" name="com.selenium.handson.Practise2" time="0.110" errors="0" timestamp="2021-02-20T21:49:16 IST" skipped="0">
  <testcase classname="com.selenium.handson.Practise2" name="currencyFormat" time="0.110"/>
  <system-out/>
</testsuite> <!-- com.selenium.handson.Practise2 -->
