<?xml version="1.0" encoding="UTF-8"?>
<!-- Generated by org.testng.reporters.JUnitReportReporter -->
<testsuite hostname="LAKSHMI-PC" failures="0" tests="1" name="com.java.math.FibonacciDemo" time="0.016" errors="0" timestamp="2021-03-26T22:42:29 IST" skipped="0">
  <testcase classname="com.java.math.FibonacciDemo" name="fibonacci2" time="0.016"/>
  <system-out/>
</testsuite> <!-- com.java.math.FibonacciDemo -->
