<?xml version="1.0" encoding="UTF-8"?>
<!-- Generated by org.testng.reporters.JUnitReportReporter -->
<testsuite hostname="LAKSHMI-PC" failures="0" tests="1" name="com.selenium.handson.SampleFileUsingTestNG" time="22.412" errors="0" timestamp="22 Apr 2020 06:08:08 GMT" skipped="0">
  <testcase classname="com.selenium.handson.SampleFileUsingTestNG" name="initBrowser" time="22.412"/>
</testsuite> <!-- com.selenium.handson.SampleFileUsingTestNG -->
