<?xml version="1.0" encoding="UTF-8"?>
<!-- Generated by org.testng.reporters.JUnitReportReporter -->
<testsuite hostname="LAKSHMI-PC" failures="0" tests="1" name="com.java.collections.ArrayListDemo2" time="0.015" errors="0" timestamp="2021-03-07T19:49:48 IST" skipped="0">
  <testcase classname="com.java.collections.ArrayListDemo2" name="compareArrayLists" time="0.015"/>
  <system-out/>
</testsuite> <!-- com.java.collections.ArrayListDemo2 -->
