<?xml version="1.0" encoding="UTF-8"?>
<!-- Generated by org.testng.reporters.JUnitReportReporter -->
<testsuite hostname="LAKSHMI-PC" failures="0" tests="1" name="com.java.strings.MultiScenarios" time="6.348" errors="0" timestamp="2021-02-21T15:03:07 IST" skipped="0">
  <testcase classname="com.java.strings.MultiScenarios" name="bigInteger2" time="6.348"/>
  <system-out/>
</testsuite> <!-- com.java.strings.MultiScenarios -->
