<?xml version="1.0" encoding="UTF-8"?>
<!-- Generated by org.testng.reporters.JUnitReportReporter -->
<testsuite hostname="LAKSHMI-PC" failures="0" tests="1" name="com.java.collections.ComparableDemo" time="0.000" errors="0" timestamp="2021-03-12T13:04:15 IST" skipped="0">
  <testcase classname="com.java.collections.ComparableDemo" name="comparablee" time="0.000"/>
  <system-out/>
</testsuite> <!-- com.java.collections.ComparableDemo -->
