<?xml version="1.0" encoding="UTF-8"?>
<!-- Generated by org.testng.reporters.JUnitReportReporter -->
<testsuite hostname="LAKSHMI-PC" failures="0" tests="4" name="com.selenium.testNG.TestNGFeatures" time="0.018" errors="0" timestamp="2020-09-07T17:01:31 IST" skipped="0">
  <testcase classname="com.selenium.testNG.TestNGFeatures" name="m4" time="0.002"/>
  <system-out/>
  <testcase classname="com.selenium.testNG.TestNGFeatures" name="m1" time="0.013"/>
  <system-out/>
  <testcase classname="com.selenium.testNG.TestNGFeatures" name="m2" time="0.002"/>
  <system-out/>
  <testcase classname="com.selenium.testNG.TestNGFeatures" name="m3" time="0.001"/>
  <system-out/>
</testsuite> <!-- com.selenium.testNG.TestNGFeatures -->
