<?xml version="1.0" encoding="UTF-8"?>
<!-- Generated by org.testng.reporters.JUnitReportReporter -->
<testsuite hostname="LAKSHMI-PC" failures="0" tests="1" name="com.java.math.MultiScenarios1" time="0.016" errors="0" timestamp="2021-03-26T22:50:21 IST" skipped="0">
  <testcase classname="com.java.math.MultiScenarios1" name="swapNums" time="0.016"/>
  <system-out/>
</testsuite> <!-- com.java.math.MultiScenarios1 -->
