<?xml version="1.0" encoding="UTF-8"?>
<!-- Generated by org.testng.reporters.JUnitReportReporter -->
<testsuite hostname="LAKSHMI-PC" failures="0" tests="1" name="com.java.math.MultiScenarios" time="0.015" errors="0" timestamp="2021-03-13T22:35:18 IST" skipped="0">
  <testcase classname="com.java.math.MultiScenarios" name="sampleRun" time="0.015"/>
  <system-out/>
</testsuite> <!-- com.java.math.MultiScenarios -->
