<?xml version="1.0" encoding="UTF-8"?>
<!-- Generated by org.testng.reporters.JUnitReportReporter -->
<testsuite hostname="LAKSHMI-PC" failures="0" tests="1" name="com.datadriven.testcases.TestNGParameterTest" time="12.203" errors="0" timestamp="2020-12-09T11:37:08 IST" skipped="0">
  <testcase classname="com.datadriven.testcases.TestNGParameterTest" name="testNGParamTest" time="12.203"/>
  <system-out/>
</testsuite> <!-- com.datadriven.testcases.TestNGParameterTest -->
