<?xml version="1.0" encoding="UTF-8"?>
<!-- Generated by org.testng.reporters.JUnitReportReporter -->
<testsuite hostname="LAKSHMI-PC" failures="0" tests="1" name="com.java.collections.ListDemo2" time="0.012" errors="0" timestamp="2021-03-05T12:38:07 IST" skipped="0">
  <testcase classname="com.java.collections.ListDemo2" name="printArrayList" time="0.012"/>
  <system-out/>
</testsuite> <!-- com.java.collections.ListDemo2 -->
