<?xml version="1.0" encoding="UTF-8"?>
<!-- Generated by org.testng.reporters.JUnitReportReporter -->
<testsuite hostname="LAKSHMI-PC" failures="0" tests="5" name="com.datadriven.testcases.DataProviderTest" time="21.199" errors="0" timestamp="2020-12-08T13:10:45 IST" skipped="0">
  <testcase classname="com.datadriven.testcases.DataProviderTest" name="setUp" time="10.907"/>
  <system-out/>
  <testcase classname="com.datadriven.testcases.DataProviderTest" name="fillForm" time="0.783"/>
  <system-out/>
  <testcase classname="com.datadriven.testcases.DataProviderTest" name="fillForm" time="7.816"/>
  <system-out/>
  <testcase classname="com.datadriven.testcases.DataProviderTest" name="fillForm" time="0.752"/>
  <system-out/>
  <testcase classname="com.datadriven.testcases.DataProviderTest" name="fillForm" time="0.941"/>
  <system-out/>
</testsuite> <!-- com.datadriven.testcases.DataProviderTest -->
