<?xml version="1.0" encoding="UTF-8"?>
<!-- Generated by org.testng.reporters.JUnitReportReporter -->
<testsuite hostname="LAKSHMI-PC" failures="0" tests="1" name="com.java.math.MultiScenarios1" time="0.031" errors="0" timestamp="2021-03-18T21:41:14 IST" skipped="0">
  <testcase classname="com.java.math.MultiScenarios1" name="localDate2" time="0.031"/>
  <system-out/>
</testsuite> <!-- com.java.math.MultiScenarios1 -->
