<?xml version="1.0" encoding="UTF-8"?>
<!-- Generated by org.testng.reporters.JUnitReportReporter -->
<testsuite hostname="LAKSHMI-PC" failures="0" tests="1" name="com.java.strings.NumberFormating" time="0.015" errors="0" timestamp="2021-02-21T12:56:35 IST" skipped="0">
  <testcase classname="com.java.strings.NumberFormating" name="removeSpaceFromStr" time="0.015"/>
  <system-out/>
</testsuite> <!-- com.java.strings.NumberFormating -->
