<?xml version="1.0" encoding="UTF-8"?>
<!-- Generated by org.testng.reporters.JUnitReportReporter -->
<testsuite hostname="LAKSHMI-PC" failures="0" tests="1" name="com.java.collections.CollectionDemo" time="0.019" errors="0" timestamp="2021-02-27T13:08:21 IST" skipped="0">
  <testcase classname="com.java.collections.CollectionDemo" name="failSafeExample" time="0.019"/>
  <system-out/>
</testsuite> <!-- com.java.collections.CollectionDemo -->
