<?xml version="1.0" encoding="UTF-8"?>
<!-- Generated by org.testng.reporters.JUnitReportReporter -->
<testsuite hostname="LAKSHMI-PC" failures="0" tests="2" name="com.java.math.MultiScenarios1" time="0.032" errors="0" timestamp="2021-03-23T15:39:46 IST" skipped="0">
  <testcase classname="com.java.math.MultiScenarios1" name="dataProviderDemo" time="0.016"/>
  <system-out/>
  <testcase classname="com.java.math.MultiScenarios1" name="dataProviderDemo" time="0.016"/>
  <system-out/>
</testsuite> <!-- com.java.math.MultiScenarios1 -->
